2024-07-22 17:50:34.394 | DEBUG    | __main__:set_monitoring_directory:434 - Updating monitoring directory to: E:\TCP\Data\1
2024-07-22 17:50:34.395 | DEBUG    | __main__:start_monitoring:148 - Started monitoring directory:
2024-07-22 17:50:34.395 | DEBUG    | __main__:set_monitoring_directory:473 - Monitoring restarted for the new directory.
2024-07-22 17:50:56.722 | DEBUG    | __main__:handle_new_subdirectory:336 - Switching to new directory: E:\TCP\Data\1
2024-07-22 17:50:57.853 | DEBUG    | __main__:on_created:30 - New directory created: E:\TCP\Data\1\INTAN_240722_175057
2024-07-22 17:50:58.857 | DEBUG    | __main__:handle_new_subdirectory:336 - Switching to new directory: E:\TCP\Data\1\INTAN_240722_175057
2024-07-22 17:50:58.863 | DEBUG    | __main__:handle_new_file:402 - Added Amp file: E:\TCP\Data\1\INTAN_240722_175057\amp-A-000.dat
2024-07-22 17:50:58.863 | DEBUG    | __main__:handle_new_file:402 - Added Amp file: E:\TCP\Data\1\INTAN_240722_175057\amp-A-001.dat
2024-07-22 17:50:58.864 | DEBUG    | __main__:handle_new_file:402 - Added Amp file: E:\TCP\Data\1\INTAN_240722_175057\amp-A-002.dat
2024-07-22 17:50:58.865 | DEBUG    | __main__:handle_new_file:402 - Added Amp file: E:\TCP\Data\1\INTAN_240722_175057\amp-A-003.dat
2024-07-22 17:50:58.865 | DEBUG    | __main__:handle_new_file:402 - Added Amp file: E:\TCP\Data\1\INTAN_240722_175057\amp-A-004.dat
2024-07-22 17:50:58.866 | DEBUG    | __main__:handle_new_file:402 - Added Amp file: E:\TCP\Data\1\INTAN_240722_175057\amp-A-005.dat
2024-07-22 17:50:58.867 | DEBUG    | __main__:handle_new_file:402 - Added Amp file: E:\TCP\Data\1\INTAN_240722_175057\amp-A-006.dat
2024-07-22 17:50:58.867 | DEBUG    | __main__:handle_new_file:402 - Added Amp file: E:\TCP\Data\1\INTAN_240722_175057\amp-A-007.dat
2024-07-22 17:50:58.868 | DEBUG    | __main__:handle_new_file:402 - Added Amp file: E:\TCP\Data\1\INTAN_240722_175057\amp-A-008.dat
2024-07-22 17:50:58.868 | DEBUG    | __main__:handle_new_file:402 - Added Amp file: E:\TCP\Data\1\INTAN_240722_175057\amp-A-009.dat
2024-07-22 17:50:58.869 | DEBUG    | __main__:handle_new_file:402 - Added Amp file: E:\TCP\Data\1\INTAN_240722_175057\amp-A-010.dat
2024-07-22 17:50:58.870 | DEBUG    | __main__:handle_new_file:402 - Added Amp file: E:\TCP\Data\1\INTAN_240722_175057\amp-A-011.dat
2024-07-22 17:50:58.870 | DEBUG    | __main__:handle_new_file:402 - Added Amp file: E:\TCP\Data\1\INTAN_240722_175057\amp-A-012.dat
2024-07-22 17:50:58.872 | DEBUG    | __main__:handle_new_file:402 - Added Amp file: E:\TCP\Data\1\INTAN_240722_175057\amp-A-013.dat
2024-07-22 17:50:58.872 | DEBUG    | __main__:handle_new_file:402 - Added Amp file: E:\TCP\Data\1\INTAN_240722_175057\amp-A-014.dat
2024-07-22 17:50:58.873 | DEBUG    | __main__:handle_new_file:402 - Added Amp file: E:\TCP\Data\1\INTAN_240722_175057\amp-A-015.dat
2024-07-22 17:50:58.874 | DEBUG    | __main__:handle_new_file:402 - Added Amp file: E:\TCP\Data\1\INTAN_240722_175057\amp-A-016.dat
2024-07-22 17:50:58.874 | DEBUG    | __main__:handle_new_file:402 - Added Amp file: E:\TCP\Data\1\INTAN_240722_175057\amp-A-017.dat
2024-07-22 17:50:58.875 | DEBUG    | __main__:handle_new_file:402 - Added Amp file: E:\TCP\Data\1\INTAN_240722_175057\amp-A-018.dat
2024-07-22 17:50:58.876 | DEBUG    | __main__:handle_new_file:402 - Added Amp file: E:\TCP\Data\1\INTAN_240722_175057\amp-A-019.dat
2024-07-22 17:50:58.878 | DEBUG    | __main__:handle_new_file:402 - Added Amp file: E:\TCP\Data\1\INTAN_240722_175057\amp-A-020.dat
2024-07-22 17:50:58.879 | DEBUG    | __main__:handle_new_file:402 - Added Amp file: E:\TCP\Data\1\INTAN_240722_175057\amp-A-021.dat
2024-07-22 17:50:58.880 | DEBUG    | __main__:handle_new_file:402 - Added Amp file: E:\TCP\Data\1\INTAN_240722_175057\amp-A-022.dat
2024-07-22 17:50:58.880 | DEBUG    | __main__:handle_new_file:402 - Added Amp file: E:\TCP\Data\1\INTAN_240722_175057\amp-A-023.dat
2024-07-22 17:50:58.881 | DEBUG    | __main__:handle_new_file:402 - Added Amp file: E:\TCP\Data\1\INTAN_240722_175057\amp-A-024.dat
2024-07-22 17:50:58.882 | DEBUG    | __main__:handle_new_file:402 - Added Amp file: E:\TCP\Data\1\INTAN_240722_175057\amp-A-025.dat
2024-07-22 17:50:58.883 | DEBUG    | __main__:handle_new_file:402 - Added Amp file: E:\TCP\Data\1\INTAN_240722_175057\amp-A-026.dat
2024-07-22 17:50:58.883 | DEBUG    | __main__:handle_new_file:402 - Added Amp file: E:\TCP\Data\1\INTAN_240722_175057\amp-A-027.dat
2024-07-22 17:50:58.884 | DEBUG    | __main__:handle_new_file:402 - Added Amp file: E:\TCP\Data\1\INTAN_240722_175057\amp-A-028.dat
2024-07-22 17:50:58.884 | DEBUG    | __main__:handle_new_file:402 - Added Amp file: E:\TCP\Data\1\INTAN_240722_175057\amp-A-029.dat
2024-07-22 17:50:58.885 | DEBUG    | __main__:handle_new_file:402 - Added Amp file: E:\TCP\Data\1\INTAN_240722_175057\amp-A-030.dat
2024-07-22 17:50:58.886 | DEBUG    | __main__:handle_new_file:402 - Added Amp file: E:\TCP\Data\1\INTAN_240722_175057\amp-A-031.dat
2024-07-22 17:50:58.886 | DEBUG    | __main__:handle_new_file:402 - Added Amp file: E:\TCP\Data\1\INTAN_240722_175057\amp-B-000.dat
2024-07-22 17:50:58.888 | DEBUG    | __main__:handle_new_file:402 - Added Amp file: E:\TCP\Data\1\INTAN_240722_175057\amp-B-001.dat
2024-07-22 17:50:58.889 | DEBUG    | __main__:handle_new_file:402 - Added Amp file: E:\TCP\Data\1\INTAN_240722_175057\amp-B-002.dat
2024-07-22 17:50:58.890 | DEBUG    | __main__:handle_new_file:402 - Added Amp file: E:\TCP\Data\1\INTAN_240722_175057\amp-B-003.dat
2024-07-22 17:50:58.890 | DEBUG    | __main__:handle_new_file:402 - Added Amp file: E:\TCP\Data\1\INTAN_240722_175057\amp-B-004.dat
2024-07-22 17:50:58.891 | DEBUG    | __main__:handle_new_file:402 - Added Amp file: E:\TCP\Data\1\INTAN_240722_175057\amp-B-005.dat
2024-07-22 17:50:58.892 | DEBUG    | __main__:handle_new_file:402 - Added Amp file: E:\TCP\Data\1\INTAN_240722_175057\amp-B-006.dat
2024-07-22 17:50:58.892 | DEBUG    | __main__:handle_new_file:402 - Added Amp file: E:\TCP\Data\1\INTAN_240722_175057\amp-B-007.dat
2024-07-22 17:50:58.893 | DEBUG    | __main__:handle_new_file:402 - Added Amp file: E:\TCP\Data\1\INTAN_240722_175057\amp-B-008.dat
2024-07-22 17:50:58.893 | DEBUG    | __main__:handle_new_file:402 - Added Amp file: E:\TCP\Data\1\INTAN_240722_175057\amp-B-009.dat
2024-07-22 17:50:58.894 | DEBUG    | __main__:handle_new_file:402 - Added Amp file: E:\TCP\Data\1\INTAN_240722_175057\amp-B-010.dat
2024-07-22 17:50:58.894 | DEBUG    | __main__:handle_new_file:402 - Added Amp file: E:\TCP\Data\1\INTAN_240722_175057\amp-B-011.dat
2024-07-22 17:50:58.895 | DEBUG    | __main__:handle_new_file:402 - Added Amp file: E:\TCP\Data\1\INTAN_240722_175057\amp-B-012.dat
2024-07-22 17:50:58.896 | DEBUG    | __main__:handle_new_file:402 - Added Amp file: E:\TCP\Data\1\INTAN_240722_175057\amp-B-013.dat
2024-07-22 17:50:58.896 | DEBUG    | __main__:handle_new_file:402 - Added Amp file: E:\TCP\Data\1\INTAN_240722_175057\amp-B-014.dat
2024-07-22 17:50:58.897 | DEBUG    | __main__:handle_new_file:402 - Added Amp file: E:\TCP\Data\1\INTAN_240722_175057\amp-B-015.dat
2024-07-22 17:50:58.897 | DEBUG    | __main__:handle_new_file:402 - Added Amp file: E:\TCP\Data\1\INTAN_240722_175057\amp-B-016.dat
2024-07-22 17:50:58.898 | DEBUG    | __main__:handle_new_file:402 - Added Amp file: E:\TCP\Data\1\INTAN_240722_175057\amp-B-017.dat
2024-07-22 17:50:58.899 | DEBUG    | __main__:handle_new_file:402 - Added Amp file: E:\TCP\Data\1\INTAN_240722_175057\amp-B-018.dat
2024-07-22 17:50:58.899 | DEBUG    | __main__:handle_new_file:402 - Added Amp file: E:\TCP\Data\1\INTAN_240722_175057\amp-B-019.dat
2024-07-22 17:50:58.900 | DEBUG    | __main__:handle_new_file:402 - Added Amp file: E:\TCP\Data\1\INTAN_240722_175057\amp-B-020.dat
2024-07-22 17:50:58.901 | DEBUG    | __main__:handle_new_file:402 - Added Amp file: E:\TCP\Data\1\INTAN_240722_175057\amp-B-021.dat
2024-07-22 17:50:58.902 | DEBUG    | __main__:handle_new_file:402 - Added Amp file: E:\TCP\Data\1\INTAN_240722_175057\amp-B-022.dat
2024-07-22 17:50:58.902 | DEBUG    | __main__:handle_new_file:402 - Added Amp file: E:\TCP\Data\1\INTAN_240722_175057\amp-B-023.dat
2024-07-22 17:50:58.903 | DEBUG    | __main__:handle_new_file:402 - Added Amp file: E:\TCP\Data\1\INTAN_240722_175057\amp-B-024.dat
2024-07-22 17:50:58.904 | DEBUG    | __main__:handle_new_file:402 - Added Amp file: E:\TCP\Data\1\INTAN_240722_175057\amp-B-025.dat
2024-07-22 17:50:58.905 | DEBUG    | __main__:handle_new_file:402 - Added Amp file: E:\TCP\Data\1\INTAN_240722_175057\amp-B-026.dat
2024-07-22 17:50:58.905 | DEBUG    | __main__:handle_new_file:402 - Added Amp file: E:\TCP\Data\1\INTAN_240722_175057\amp-B-027.dat
2024-07-22 17:50:58.906 | DEBUG    | __main__:handle_new_file:402 - Added Amp file: E:\TCP\Data\1\INTAN_240722_175057\amp-B-028.dat
2024-07-22 17:50:58.907 | DEBUG    | __main__:handle_new_file:402 - Added Amp file: E:\TCP\Data\1\INTAN_240722_175057\amp-B-029.dat
2024-07-22 17:50:58.908 | DEBUG    | __main__:handle_new_file:402 - Added Amp file: E:\TCP\Data\1\INTAN_240722_175057\amp-B-030.dat
2024-07-22 17:50:58.909 | DEBUG    | __main__:handle_new_file:402 - Added Amp file: E:\TCP\Data\1\INTAN_240722_175057\amp-B-031.dat
